<?xml version="1.0" encoding="UTF-8"?>
<!-- Generated by org.testng.reporters.JUnitReportReporter -->
<testsuite hostname="paralleldots-HP-Laptop-15q-ds0xxx" failures="0" tests="1" name="Resources.CSVWrite" time="0.020" errors="0" timestamp="19 Sep 2019 12:24:43 GMT" skipped="0">
  <testcase classname="Resources.CSVWrite" name="run" time="0.020"/>
</testsuite> <!-- Resources.CSVWrite -->
