<?xml version="1.0" encoding="UTF-8"?>
<!-- Generated by org.testng.reporters.JUnitReportReporter -->
<testsuite hostname="paralleldots-HP-Laptop-15q-ds0xxx" failures="0" tests="2" name="Resources.ExcelUtils" time="0.114" errors="0" timestamp="20 Sep 2019 11:01:52 GMT" skipped="0">
  <testcase classname="Resources.ExcelUtils" name="writeHeading" time="0.101"/>
  <testcase classname="Resources.ExcelUtils" name="run" time="0.013"/>
</testsuite> <!-- Resources.ExcelUtils -->
