<?xml version="1.0" encoding="UTF-8"?>
<!-- Generated by org.testng.reporters.JUnitReportReporter -->
<testsuite hostname="paralleldots-HP-Laptop-15q-ds0xxx" failures="0" tests="2" name="Resources.ExcelSheet" time="0.126" errors="0" timestamp="20 Sep 2019 09:05:37 GMT" skipped="0">
  <testcase classname="Resources.ExcelSheet" name="writeHeading" time="0.106"/>
  <testcase classname="Resources.ExcelSheet" name="run" time="0.020"/>
</testsuite> <!-- Resources.ExcelSheet -->
