<?xml version="1.0" encoding="UTF-8"?>
<!-- Generated by org.testng.reporters.JUnitReportReporter -->
<testsuite hostname="paralleldots-HP-Laptop-15q-ds0xxx" failures="0" tests="2" name="TestShelfWatch.TestShelfWatch.ShelfWatch" time="15.558" errors="0" timestamp="2019-10-15T13:27:46 IST" skipped="0">
  <testcase classname="TestShelfWatch.TestShelfWatch.ShelfWatch" name="projectsCheck" time="15.431"/>
  <testcase classname="TestShelfWatch.TestShelfWatch.ShelfWatch" name="readExcel" time="0.127"/>
</testsuite> <!-- TestShelfWatch.TestShelfWatch.ShelfWatch -->
