<?xml version="1.0" encoding="UTF-8"?>
<!-- Generated by org.testng.reporters.JUnitReportReporter -->
<testsuite hostname="paralleldots-HP-Laptop-15q-ds0xxx" failures="0" tests="1" name="TestShelfWatch.TestShelfWatch.ExcelTest" time="0.115" errors="0" timestamp="20 Sep 2019 07:44:33 GMT" skipped="0">
  <testcase classname="TestShelfWatch.TestShelfWatch.ExcelTest" name="readExcel" time="0.115"/>
</testsuite> <!-- TestShelfWatch.TestShelfWatch.ExcelTest -->
