<?xml version="1.0" encoding="UTF-8"?>
<!-- Generated by org.testng.reporters.JUnitReportReporter -->
<testsuite hostname="paralleldots-HP-Laptop-15q-ds0xxx" failures="0" tests="1" name="TestShelfWatch.TestShelfWatch.GoogleSheetAPI" time="2.391" errors="0" timestamp="12 Sep 2019 13:25:42 GMT" skipped="0">
  <testcase classname="TestShelfWatch.TestShelfWatch.GoogleSheetAPI" name="getGoogleSheetData" time="2.391"/>
</testsuite> <!-- TestShelfWatch.TestShelfWatch.GoogleSheetAPI -->
