<?xml version="1.0" encoding="UTF-8"?>
<!-- Generated by org.testng.reporters.JUnitReportReporter -->
<testsuite hostname="paralleldots-HP-Laptop-15q-ds0xxx" failures="0" tests="1" name="TestShelfWatch.TestShelfWatch.AnalyticsFifteen" time="0.006" errors="0" timestamp="13 Sep 2019 08:14:51 GMT" skipped="0">
  <testcase classname="TestShelfWatch.TestShelfWatch.AnalyticsFifteen" name="test" time="0.006"/>
</testsuite> <!-- TestShelfWatch.TestShelfWatch.AnalyticsFifteen -->
