<?xml version="1.0" encoding="UTF-8"?>
<!-- Generated by org.testng.reporters.JUnitReportReporter -->
<testsuite hostname="paralleldots-HP-Laptop-15q-ds0xxx" failures="0" tests="2" name="TestShelfWatch.TestShelfWatch.ExcelWrite" time="0.032" errors="0" timestamp="20 Sep 2019 07:09:40 GMT" skipped="0">
  <testcase classname="TestShelfWatch.TestShelfWatch.ExcelWrite" name="writeHeading" time="0.011"/>
  <testcase classname="TestShelfWatch.TestShelfWatch.ExcelWrite" name="run" time="0.021"/>
</testsuite> <!-- TestShelfWatch.TestShelfWatch.ExcelWrite -->
